base/cond.............ok
base/if...............ok
base/lex..............ok
base/pat..............ok
base/rs...............ok
base/term.............ok
comp/bproto...........ok
comp/cmdopt...........ok
comp/colon............ok
comp/cpp..............skipping test on this platform
comp/decl.............ok
comp/multiline........ok
comp/package..........ok
comp/proto............ok
comp/redef............ok
comp/require..........ok
comp/script...........ok
comp/term.............ok
comp/use..............ok
cmd/elsif.............ok
cmd/for...............ok
cmd/mod...............ok
cmd/subval............ok
cmd/switch............ok
cmd/while.............ok
run/runenv............skipping test on this platform
io/argv...............ok
io/dup................ok
io/fs.................FAILED at test 2
io/inplace............ok
io/iprefix............ok
io/nargv..............ok
io/open...............FAILED at test 25
io/openpid............ok
io/pipe...............skipping test on this platform
io/print..............ok
io/read...............ok
io/tell...............FAILED at test 2
op/64bitint...........skipping test on this platform
op/anonsub............ok
op/append.............ok
op/args...............ok
op/arith..............ok
op/array..............ok
op/assignwarn.........ok
op/attrs..............ok
op/auto...............ok
op/avhv...............ok
op/bop................ok
op/chars..............ok
op/chop...............ok
op/closure............ok
op/cmp................ok
op/concat.............ok
op/cond...............ok
op/context............ok
op/defins.............Unsupported directory function "opendir" called at op/defins.t line 67.
FAILED at test 6
op/delete.............ok
op/die................ok
op/die_exit...........ok
op/do.................ok
op/each...............ok
op/eval...............ok
op/exec...............ok
op/exists_sub.........ok
op/exp................ok
op/fh.................ok
op/filetest...........ok
op/flip...............FAILED at test 8
op/fork...............skipping test on this platform
op/glob...............ok
op/goto...............ok
op/goto_xs............skipping test on this platform
op/grent..............skipping test on this platform
op/grep...............ok
op/groups.............skipping test on this platform
op/gv.................ok
op/hashwarn...........ok
op/inc................ok
op/index..............ok
op/int................ok
op/join...............ok
op/length.............ok
op/lex_assign.........ok
op/lfs................skipping test on this platform
op/list...............ok
op/local..............ok
op/lop................ok
op/magic..............FAILED at test 22
op/method.............ok
op/misc...............ok
op/mkdir..............FAILED at test 1
op/my.................ok
op/my_stash...........Can't locate IO/File.pm in @INC (@INC contains: ../lib) at ../lib/FileHandle.pm line 9.
Compilation failed in require at ../lib/Test/Harness.pm line 7.
BEGIN failed--compilation aborted at ../lib/Test/Harness.pm line 7.
Compilation failed in require at ../lib/Test.pm line 3.
BEGIN failed--compilation aborted at ../lib/Test.pm line 3.
Compilation failed in require at op/my_stash.t line 9.
BEGIN failed--compilation aborted at op/my_stash.t line 9.
FAILED at test 0
op/nothr5005..........ok
op/numconvert.........ok
op/oct................ok
op/ord................ok
op/pack...............